<?xml version="1.0" encoding="UTF-8"?>
<!-- Generated by org.testng.reporters.JUnitReportReporter -->
<testsuite hostname="Uncodemy" failures="0" tests="1" name="xpath.TestNG" time="0.014" errors="0" timestamp="2023-06-04T17:25:24 IST" skipped="0">
  <testcase classname="xpath.TestNG" name="test1" time="0.014"/>
  <system-out/>
</testsuite> <!-- xpath.TestNG -->
